0 info it worked if it ends with ok
1 verbose cli [ '/home/alexbard/.nvm/versions/node/v6.6.0/bin/node',
1 verbose cli   '/home/alexbard/.nvm/versions/node/v6.6.0/bin/npm',
1 verbose cli   'start' ]
2 info using npm@3.10.3
3 info using node@v6.6.0
4 verbose run-script [ 'prestart', 'start', 'poststart' ]
5 info lifecycle eclipse-server@0.0.17~prestart: eclipse-server@0.0.17
6 silly lifecycle eclipse-server@0.0.17~prestart: no script for prestart, continuing
7 info lifecycle eclipse-server@0.0.17~start: eclipse-server@0.0.17
8 verbose lifecycle eclipse-server@0.0.17~start: unsafe-perm in lifecycle true
9 verbose lifecycle eclipse-server@0.0.17~start: PATH: /home/alexbard/.nvm/versions/node/v6.6.0/lib/node_modules/npm/bin/node-gyp-bin:/home/alexbard/projects/eclipse-server/node_modules/.bin:/home/alexbard/.nvm/versions/node/v6.6.0/bin:/home/alexbard/.nvm/versions/node/v6.6.0/bin:/home/alexbard/bin:/home/alexbard/.local/bin:/usr/local/sbin:/usr/local/bin:/usr/sbin:/usr/bin:/sbin:/bin:/usr/games:/usr/local/games:/snap/bin
10 verbose lifecycle eclipse-server@0.0.17~start: CWD: /home/alexbard/projects/eclipse-server
11 silly lifecycle eclipse-server@0.0.17~start: Args: [ '-c', 'node server.js' ]
12 silly lifecycle eclipse-server@0.0.17~start: Returned: code: 1  signal: null
13 info lifecycle eclipse-server@0.0.17~start: Failed to exec start script
14 verbose stack Error: eclipse-server@0.0.17 start: `node server.js`
14 verbose stack Exit status 1
14 verbose stack     at EventEmitter.<anonymous> (/home/alexbard/.nvm/versions/node/v6.6.0/lib/node_modules/npm/lib/utils/lifecycle.js:242:16)
14 verbose stack     at emitTwo (events.js:106:13)
14 verbose stack     at EventEmitter.emit (events.js:191:7)
14 verbose stack     at ChildProcess.<anonymous> (/home/alexbard/.nvm/versions/node/v6.6.0/lib/node_modules/npm/lib/utils/spawn.js:40:14)
14 verbose stack     at emitTwo (events.js:106:13)
14 verbose stack     at ChildProcess.emit (events.js:191:7)
14 verbose stack     at maybeClose (internal/child_process.js:877:16)
14 verbose stack     at Process.ChildProcess._handle.onexit (internal/child_process.js:226:5)
15 verbose pkgid eclipse-server@0.0.17
16 verbose cwd /home/alexbard/projects/eclipse-server
17 error Linux 4.4.0-38-generic
18 error argv "/home/alexbard/.nvm/versions/node/v6.6.0/bin/node" "/home/alexbard/.nvm/versions/node/v6.6.0/bin/npm" "start"
19 error node v6.6.0
20 error npm  v3.10.3
21 error code ELIFECYCLE
22 error eclipse-server@0.0.17 start: `node server.js`
22 error Exit status 1
23 error Failed at the eclipse-server@0.0.17 start script 'node server.js'.
23 error Make sure you have the latest version of node.js and npm installed.
23 error If you do, this is most likely a problem with the eclipse-server package,
23 error not with npm itself.
23 error Tell the author that this fails on your system:
23 error     node server.js
23 error You can get information on how to open an issue for this project with:
23 error     npm bugs eclipse-server
23 error Or if that isn't available, you can get their info via:
23 error     npm owner ls eclipse-server
23 error There is likely additional logging output above.
24 verbose exit [ 1, true ]
